multipleimageselect/build/intermediates/manifest_merge_blame_file/debug/manifest-merger-blame-debug-report.txt
1<?xml version="1.0" encoding="utf-8"?>
2<manifest xmlns:android="http://schemas.android.com/apk/res/android"
3    package="com.darsh.multipleimageselect"
4    android:versionCode="1"
5    android:versionName="1.0.0" >
6
7    <uses-sdk
8        android:minSdkVersion="17"
8-->src\main\AndroidManifest.xml
9        android:targetSdkVersion="30" />
9-->src\main\AndroidManifest.xml
10
11    <uses-permission android:name="android.permission.WRITE_EXTERNAL_STORAGE" />
11-->src\main\AndroidManifest.xml:5:5-80
11-->src\main\AndroidManifest.xml:5:22-78
12    <uses-permission android:name="android.permission.CAMERA" />
12-->src\main\AndroidManifest.xml:6:5-64
12-->src\main\AndroidManifest.xml:6:22-62
13
14    <uses-feature
14-->src\main\AndroidManifest.xml:9:5-11:35
15        android:name="android.hardware.camera.any"
15-->src\main\AndroidManifest.xml:10:9-51
16        android:required="true" />
16-->src\main\AndroidManifest.xml:11:9-32
17    <uses-feature
17-->src\main\AndroidManifest.xml:12:5-14:36
18        android:name="android.hardware.camera.autofocus"
18-->src\main\AndroidManifest.xml:13:9-57
19        android:required="false" />
19-->src\main\AndroidManifest.xml:14:9-33
20
21    <application
21-->src\main\AndroidManifest.xml:16:5-37:19
22        android:allowBackup="true"
22-->src\main\AndroidManifest.xml:17:9-35
23        android:label="@string/app_name" >
23-->src\main\AndroidManifest.xml:18:9-41
24        <activity
24-->src\main\AndroidManifest.xml:19:9-27:20
25            android:name="com.darsh.multipleimageselect.activities.AlbumSelectActivity"
25-->src\main\AndroidManifest.xml:20:13-59
26            android:configChanges="orientation|screenSize"
26-->src\main\AndroidManifest.xml:23:13-59
27            android:label="@string/app_name"
27-->src\main\AndroidManifest.xml:21:13-45
28            android:theme="@style/MultipleImageSelectTheme" >
28-->src\main\AndroidManifest.xml:22:13-60
29            <intent-filter>
29-->src\main\AndroidManifest.xml:24:13-26:29
30                <category android:name="android.intent.category.DEFAULT" />
30-->src\main\AndroidManifest.xml:25:17-75
30-->src\main\AndroidManifest.xml:25:27-73
31            </intent-filter>
32        </activity>
33        <activity
33-->src\main\AndroidManifest.xml:28:9-36:20
34            android:name="com.darsh.multipleimageselect.activities.ImageSelectActivity"
34-->src\main\AndroidManifest.xml:29:13-59
35            android:configChanges="orientation|screenSize"
35-->src\main\AndroidManifest.xml:32:13-59
36            android:label="@string/app_name"
36-->src\main\AndroidManifest.xml:30:13-45
37            android:theme="@style/MultipleImageSelectTheme" >
37-->src\main\AndroidManifest.xml:31:13-60
38            <intent-filter>
38-->src\main\AndroidManifest.xml:24:13-26:29
39                <category android:name="android.intent.category.DEFAULT" />
39-->src\main\AndroidManifest.xml:25:17-75
39-->src\main\AndroidManifest.xml:25:27-73
40            </intent-filter>
41        </activity>
42    </application>
43
44</manifest>